<?xml version="1.0" encoding="UTF-8"?>
<testng-results ignored="0" total="3" passed="2" failed="1" skipped="0">
  <reporter-output>
  </reporter-output>
  <suite started-at="2022-05-02T14:22:13 IST" name="Suite" finished-at="2022-05-02T14:26:00 IST" duration-ms="227082">
    <groups>
    </groups>
    <test started-at="2022-05-02T14:22:13 IST" name="Test" finished-at="2022-05-02T14:25:59 IST" duration-ms="226782">
      <class name="testcases.FlipkartLogin">
        <test-method is-config="true" signature="init()[pri:0, instance:testcases.FlipkartLogin@173ed316]" started-at="2022-05-02T14:22:13 IST" name="init" finished-at="2022-05-02T14:22:26 IST" duration-ms="13212" status="PASS">
          <reporter-output>
          </reporter-output>
        </test-method> <!-- init -->
        <test-method signature="loginTest()[pri:0, instance:testcases.FlipkartLogin@173ed316]" started-at="2022-05-02T14:22:26 IST" name="loginTest" finished-at="2022-05-02T14:22:58 IST" duration-ms="32089" status="PASS">
          <reporter-output>
          </reporter-output>
        </test-method> <!-- loginTest -->
        <test-method signature="common_Bar_Test_Screens()[pri:1, instance:testcases.FlipkartLogin@173ed316]" started-at="2022-05-02T14:22:58 IST" name="common_Bar_Test_Screens" finished-at="2022-05-02T14:25:59 IST" duration-ms="181449" status="PASS">
          <reporter-output>
          </reporter-output>
        </test-method> <!-- common_Bar_Test_Screens -->
      </class> <!-- testcases.FlipkartLogin -->
    </test> <!-- Test -->
    <test started-at="2022-05-02T14:25:59 IST" name="Different category Test" finished-at="2022-05-02T14:26:00 IST" duration-ms="272">
      <class name="testcases.Different_category">
        <test-method signature="offer_Zone()[pri:0, instance:testcases.Different_category@48bb62]" started-at="2022-05-02T14:25:59 IST" name="offer_Zone" finished-at="2022-05-02T14:26:00 IST" duration-ms="268" status="FAIL">
          <exception class="org.openqa.selenium.NoSuchElementException">
            <message>
              <![CDATA[An element could not be located on the page using the given search parameters.
For documentation on this error, please visit: https://www.seleniumhq.org/exceptions/no_such_element.html
Build info: version: '3.141.59', revision: 'e82be7d358', time: '2018-11-14T08:17:03'
System info: host: 'DESKTOP-EL432GL', ip: '192.168.0.108', os.name: 'Windows 10', os.arch: 'amd64', os.version: '10.0', java.version: '11.0.13'
Driver info: io.appium.java_client.android.AndroidDriver
Capabilities {appActivity: com.flipkart.android.activi..., appPackage: com.flipkart.android, databaseEnabled: false, desired: {appActivity: com.flipkart.android.activi..., appPackage: com.flipkart.android, platformName: android}, deviceApiLevel: 29, deviceManufacturer: samsung, deviceModel: SM-A920F, deviceName: 2ae30c28d10d7ece, deviceScreenDensity: 420, deviceScreenSize: 1080x2220, deviceUDID: 2ae30c28d10d7ece, javascriptEnabled: true, locationContextEnabled: false, networkConnectionEnabled: true, pixelRatio: 2.625, platform: LINUX, platformName: Android, platformVersion: 10, statBarHeight: 63, takesScreenshot: true, viewportRect: {height: 2031, left: 0, top: 63, width: 1080}, warnings: {}, webStorageEnabled: false}
Session ID: 06a9d4a6-a1d9-41df-8c2a-354f141ff0ff
*** Element info: {Using=xpath, value=//sandroid.view.ViewGroup[@class='android.view.ViewGroup'][2]}]]>
            </message>
            <full-stacktrace>
              <![CDATA[org.openqa.selenium.NoSuchElementException: An element could not be located on the page using the given search parameters.
For documentation on this error, please visit: https://www.seleniumhq.org/exceptions/no_such_element.html
Build info: version: '3.141.59', revision: 'e82be7d358', time: '2018-11-14T08:17:03'
System info: host: 'DESKTOP-EL432GL', ip: '192.168.0.108', os.name: 'Windows 10', os.arch: 'amd64', os.version: '10.0', java.version: '11.0.13'
Driver info: io.appium.java_client.android.AndroidDriver
Capabilities {appActivity: com.flipkart.android.activi..., appPackage: com.flipkart.android, databaseEnabled: false, desired: {appActivity: com.flipkart.android.activi..., appPackage: com.flipkart.android, platformName: android}, deviceApiLevel: 29, deviceManufacturer: samsung, deviceModel: SM-A920F, deviceName: 2ae30c28d10d7ece, deviceScreenDensity: 420, deviceScreenSize: 1080x2220, deviceUDID: 2ae30c28d10d7ece, javascriptEnabled: true, locationContextEnabled: false, networkConnectionEnabled: true, pixelRatio: 2.625, platform: LINUX, platformName: Android, platformVersion: 10, statBarHeight: 63, takesScreenshot: true, viewportRect: {height: 2031, left: 0, top: 63, width: 1080}, warnings: {}, webStorageEnabled: false}
Session ID: 06a9d4a6-a1d9-41df-8c2a-354f141ff0ff
*** Element info: {Using=xpath, value=//sandroid.view.ViewGroup[@class='android.view.ViewGroup'][2]}
at java.base/jdk.internal.reflect.NativeConstructorAccessorImpl.newInstance0(Native Method)
at java.base/jdk.internal.reflect.NativeConstructorAccessorImpl.newInstance(NativeConstructorAccessorImpl.java:62)
at java.base/jdk.internal.reflect.DelegatingConstructorAccessorImpl.newInstance(DelegatingConstructorAccessorImpl.java:45)
at java.base/java.lang.reflect.Constructor.newInstance(Constructor.java:490)
at org.openqa.selenium.remote.http.W3CHttpResponseCodec.createException(W3CHttpResponseCodec.java:187)
at org.openqa.selenium.remote.http.W3CHttpResponseCodec.decode(W3CHttpResponseCodec.java:122)
at org.openqa.selenium.remote.http.W3CHttpResponseCodec.decode(W3CHttpResponseCodec.java:49)
at org.openqa.selenium.remote.HttpCommandExecutor.execute(HttpCommandExecutor.java:158)
at io.appium.java_client.remote.AppiumCommandExecutor.execute(AppiumCommandExecutor.java:247)
at org.openqa.selenium.remote.RemoteWebDriver.execute(RemoteWebDriver.java:552)
at io.appium.java_client.DefaultGenericMobileDriver.execute(DefaultGenericMobileDriver.java:41)
at io.appium.java_client.AppiumDriver.execute(AppiumDriver.java:1)
at io.appium.java_client.android.AndroidDriver.execute(AndroidDriver.java:1)
at org.openqa.selenium.remote.RemoteWebElement.execute(RemoteWebElement.java:285)
at io.appium.java_client.DefaultGenericMobileElement.execute(DefaultGenericMobileElement.java:45)
at io.appium.java_client.MobileElement.execute(MobileElement.java:1)
at io.appium.java_client.android.AndroidElement.execute(AndroidElement.java:1)
at org.openqa.selenium.remote.RemoteWebElement.findElement(RemoteWebElement.java:185)
at io.appium.java_client.DefaultGenericMobileElement.findElement(DefaultGenericMobileElement.java:65)
at io.appium.java_client.MobileElement.findElement(MobileElement.java:1)
at io.appium.java_client.android.AndroidElement.findElement(AndroidElement.java:1)
at org.openqa.selenium.remote.RemoteWebElement.findElementByXPath(RemoteWebElement.java:261)
at io.appium.java_client.DefaultGenericMobileElement.findElementByXPath(DefaultGenericMobileElement.java:155)
at io.appium.java_client.MobileElement.findElementByXPath(MobileElement.java:1)
at io.appium.java_client.android.AndroidElement.findElementByXPath(AndroidElement.java:1)
at org.openqa.selenium.By$ByXPath.findElement(By.java:353)
at org.openqa.selenium.remote.RemoteWebElement.findElement(RemoteWebElement.java:181)
at io.appium.java_client.DefaultGenericMobileElement.findElement(DefaultGenericMobileElement.java:61)
at io.appium.java_client.MobileElement.findElement(MobileElement.java:1)
at io.appium.java_client.android.AndroidElement.findElement(AndroidElement.java:1)
at Screens.Main_Land_Page.grocery1(Main_Land_Page.java:30)
at testcases.Different_category.offer_Zone(Different_category.java:20)
at java.base/jdk.internal.reflect.NativeMethodAccessorImpl.invoke0(Native Method)
at java.base/jdk.internal.reflect.NativeMethodAccessorImpl.invoke(NativeMethodAccessorImpl.java:62)
at java.base/jdk.internal.reflect.DelegatingMethodAccessorImpl.invoke(DelegatingMethodAccessorImpl.java:43)
at java.base/java.lang.reflect.Method.invoke(Method.java:566)
at org.testng.internal.MethodInvocationHelper.invokeMethod(MethodInvocationHelper.java:133)
at org.testng.internal.TestInvoker.invokeMethod(TestInvoker.java:598)
at org.testng.internal.TestInvoker.invokeTestMethod(TestInvoker.java:173)
at org.testng.internal.MethodRunner.runInSequence(MethodRunner.java:46)
at org.testng.internal.TestInvoker$MethodInvocationAgent.invoke(TestInvoker.java:824)
at org.testng.internal.TestInvoker.invokeTestMethods(TestInvoker.java:146)
at org.testng.internal.TestMethodWorker.invokeTestMethods(TestMethodWorker.java:146)
at org.testng.internal.TestMethodWorker.run(TestMethodWorker.java:128)
at java.base/java.util.ArrayList.forEach(ArrayList.java:1541)
at org.testng.TestRunner.privateRun(TestRunner.java:794)
at org.testng.TestRunner.run(TestRunner.java:596)
at org.testng.SuiteRunner.runTest(SuiteRunner.java:377)
at org.testng.SuiteRunner.runSequentially(SuiteRunner.java:371)
at org.testng.SuiteRunner.privateRun(SuiteRunner.java:332)
at org.testng.SuiteRunner.run(SuiteRunner.java:276)
at org.testng.SuiteRunnerWorker.runSuite(SuiteRunnerWorker.java:53)
at org.testng.SuiteRunnerWorker.run(SuiteRunnerWorker.java:96)
at org.testng.TestNG.runSuitesSequentially(TestNG.java:1212)
at org.testng.TestNG.runSuitesLocally(TestNG.java:1134)
at org.testng.TestNG.runSuites(TestNG.java:1063)
at org.testng.TestNG.run(TestNG.java:1031)
at org.testng.remote.AbstractRemoteTestNG.run(AbstractRemoteTestNG.java:115)
at org.testng.remote.RemoteTestNG.initAndRun(RemoteTestNG.java:251)
at org.testng.remote.RemoteTestNG.main(RemoteTestNG.java:77)
]]>
            </full-stacktrace>
          </exception> <!-- org.openqa.selenium.NoSuchElementException -->
          <reporter-output>
          </reporter-output>
        </test-method> <!-- offer_Zone -->
      </class> <!-- testcases.Different_category -->
    </test> <!-- Different category Test -->
  </suite> <!-- Suite -->
</testng-results>
